BaiduMapsApiDemo/build/outputs/logs/manifest-merger-debug-report.txt
-- Merging decision tree log ---
manifest
ADDED from LDStreetlightManagement\BaiduMapsApiDemo\AndroidManifest.xml:3:1-264:12
	package
		ADDED from LDStreetlightManagement\BaiduMapsApiDemo\AndroidManifest.xml:4:11-37
		INJECTED from LDStreetlightManagement\BaiduMapsApiDemo\AndroidManifest.xml
		INJECTED from LDStreetlightManagement\BaiduMapsApiDemo\AndroidManifest.xml
	android:versionName
		ADDED from LDStreetlightManagement\BaiduMapsApiDemo\AndroidManifest.xml:6:11-36
		INJECTED from LDStreetlightManagement\BaiduMapsApiDemo\AndroidManifest.xml
		INJECTED from LDStreetlightManagement\BaiduMapsApiDemo\AndroidManifest.xml
	android:versionCode
		ADDED from LDStreetlightManagement\BaiduMapsApiDemo\AndroidManifest.xml:5:11-34
		INJECTED from LDStreetlightManagement\BaiduMapsApiDemo\AndroidManifest.xml
		INJECTED from LDStreetlightManagement\BaiduMapsApiDemo\AndroidManifest.xml
	xmlns:android
		ADDED from LDStreetlightManagement\BaiduMapsApiDemo\AndroidManifest.xml:3:11-69
uses-feature#0x00020000
ADDED from LDStreetlightManagement\BaiduMapsApiDemo\AndroidManifest.xml:13:5-78
	android:glEsVersion
		ADDED from LDStreetlightManagement\BaiduMapsApiDemo\AndroidManifest.xml:13:19-51
	android:required
		ADDED from LDStreetlightManagement\BaiduMapsApiDemo\AndroidManifest.xml:13:52-75
uses-permission#android.permission.INTERNET
ADDED from LDStreetlightManagement\BaiduMapsApiDemo\AndroidManifest.xml:16:5-67
	android:name
		ADDED from LDStreetlightManagement\BaiduMapsApiDemo\AndroidManifest.xml:16:22-64
uses-permission#android.permission.ACCESS_NETWORK_STATE
ADDED from LDStreetlightManagement\BaiduMapsApiDemo\AndroidManifest.xml:18:5-79
	android:name
		ADDED from LDStreetlightManagement\BaiduMapsApiDemo\AndroidManifest.xml:18:22-76
uses-permission#android.permission.READ_EXTERNAL_STORAGE
ADDED from LDStreetlightManagement\BaiduMapsApiDemo\AndroidManifest.xml:21:5-80
	android:name
		ADDED from LDStreetlightManagement\BaiduMapsApiDemo\AndroidManifest.xml:21:22-77
uses-permission#android.permission.WRITE_EXTERNAL_STORAGE
ADDED from LDStreetlightManagement\BaiduMapsApiDemo\AndroidManifest.xml:23:5-81
	android:name
		ADDED from LDStreetlightManagement\BaiduMapsApiDemo\AndroidManifest.xml:23:22-78
uses-permission#android.permission.ACCESS_COARSE_LOCATION
ADDED from LDStreetlightManagement\BaiduMapsApiDemo\AndroidManifest.xml:27:5-81
	android:name
		ADDED from LDStreetlightManagement\BaiduMapsApiDemo\AndroidManifest.xml:27:22-78
uses-permission#android.permission.ACCESS_FINE_LOCATION
ADDED from LDStreetlightManagement\BaiduMapsApiDemo\AndroidManifest.xml:29:5-79
	android:name
		ADDED from LDStreetlightManagement\BaiduMapsApiDemo\AndroidManifest.xml:29:22-76
uses-permission#android.permission.CAMERA
ADDED from LDStreetlightManagement\BaiduMapsApiDemo\AndroidManifest.xml:32:5-64
	android:name
		ADDED from LDStreetlightManagement\BaiduMapsApiDemo\AndroidManifest.xml:32:22-62
supports-screens
ADDED from LDStreetlightManagement\BaiduMapsApiDemo\AndroidManifest.xml:35:5-40:43
	android:largeScreens
		ADDED from LDStreetlightManagement\BaiduMapsApiDemo\AndroidManifest.xml:37:13-40
	android:smallScreens
		ADDED from LDStreetlightManagement\BaiduMapsApiDemo\AndroidManifest.xml:40:13-40
	android:normalScreens
		ADDED from LDStreetlightManagement\BaiduMapsApiDemo\AndroidManifest.xml:38:13-42
	android:resizeable
		ADDED from LDStreetlightManagement\BaiduMapsApiDemo\AndroidManifest.xml:39:13-38
	android:anyDensity
		ADDED from LDStreetlightManagement\BaiduMapsApiDemo\AndroidManifest.xml:36:13-38
uses-feature#android.hardware.camera
ADDED from LDStreetlightManagement\BaiduMapsApiDemo\AndroidManifest.xml:44:5-59
	android:name
		ADDED from LDStreetlightManagement\BaiduMapsApiDemo\AndroidManifest.xml:44:19-57
uses-feature#android.hardware.camera.autofocus
ADDED from LDStreetlightManagement\BaiduMapsApiDemo\AndroidManifest.xml:45:5-69
	android:name
		ADDED from LDStreetlightManagement\BaiduMapsApiDemo\AndroidManifest.xml:45:19-67
application
ADDED from LDStreetlightManagement\BaiduMapsApiDemo\AndroidManifest.xml:47:5-262:19
MERGED from [com.android.support:appcompat-v7:26.0.0-alpha1] AndroidManifest.xml:29:5-20
MERGED from [com.android.support:support-v4:26.0.0-alpha1] AndroidManifest.xml:29:5-20
MERGED from [com.android.support:support-media-compat:26.0.0-alpha1] AndroidManifest.xml:29:5-20
MERGED from [com.android.support:support-fragment:26.0.0-alpha1] AndroidManifest.xml:29:5-20
MERGED from [com.android.support:support-core-ui:26.0.0-alpha1] AndroidManifest.xml:29:5-20
MERGED from [com.android.support:support-core-utils:26.0.0-alpha1] AndroidManifest.xml:29:5-20
MERGED from [com.android.support:animated-vector-drawable:26.0.0-alpha1] AndroidManifest.xml:26:5-20
MERGED from [com.android.support:support-vector-drawable:26.0.0-alpha1] AndroidManifest.xml:26:5-20
MERGED from [com.android.support:support-compat:26.0.0-alpha1] AndroidManifest.xml:29:5-20
MERGED from [com.android.support.constraint:constraint-layout:1.0.2] AndroidManifest.xml:9:5-20
	android:label
		ADDED from LDStreetlightManagement\BaiduMapsApiDemo\AndroidManifest.xml:50:9-41
	android:hardwareAccelerated
		ADDED from LDStreetlightManagement\BaiduMapsApiDemo\AndroidManifest.xml:51:9-43
	android:icon
		ADDED from LDStreetlightManagement\BaiduMapsApiDemo\AndroidManifest.xml:49:9-45
	android:theme
		ADDED from LDStreetlightManagement\BaiduMapsApiDemo\AndroidManifest.xml:52:9-65
	android:name
		ADDED from LDStreetlightManagement\BaiduMapsApiDemo\AndroidManifest.xml:48:9-40
meta-data#com.baidu.lbsapi.API_KEY
ADDED from LDStreetlightManagement\BaiduMapsApiDemo\AndroidManifest.xml:54:9-56:32
	android:value
		ADDED from LDStreetlightManagement\BaiduMapsApiDemo\AndroidManifest.xml:56:13-29
	android:name
		ADDED from LDStreetlightManagement\BaiduMapsApiDemo\AndroidManifest.xml:55:13-52
meta-data#android.max_aspect
ADDED from LDStreetlightManagement\BaiduMapsApiDemo\AndroidManifest.xml:58:9-59:41
	android:value
		ADDED from LDStreetlightManagement\BaiduMapsApiDemo\AndroidManifest.xml:59:20-39
	android:name
		ADDED from LDStreetlightManagement\BaiduMapsApiDemo\AndroidManifest.xml:58:20-53
activity#baidumapsdk.demo.BMapApiDemoMain
ADDED from LDStreetlightManagement\BaiduMapsApiDemo\AndroidManifest.xml:61:9-71:20
	android:screenOrientation
		ADDED from LDStreetlightManagement\BaiduMapsApiDemo\AndroidManifest.xml:65:17-53
	android:label
		ADDED from LDStreetlightManagement\BaiduMapsApiDemo\AndroidManifest.xml:64:17-48
	android:configChanges
		ADDED from LDStreetlightManagement\BaiduMapsApiDemo\AndroidManifest.xml:63:13-74
	android:name
		ADDED from LDStreetlightManagement\BaiduMapsApiDemo\AndroidManifest.xml:62:17-48
intent-filter#android.intent.action.MAIN+android.intent.category.LAUNCHER
ADDED from LDStreetlightManagement\BaiduMapsApiDemo\AndroidManifest.xml:66:13-70:29
action#android.intent.action.MAIN
ADDED from LDStreetlightManagement\BaiduMapsApiDemo\AndroidManifest.xml:67:17-69
	android:name
		ADDED from LDStreetlightManagement\BaiduMapsApiDemo\AndroidManifest.xml:67:25-66
category#android.intent.category.LAUNCHER
ADDED from LDStreetlightManagement\BaiduMapsApiDemo\AndroidManifest.xml:69:17-77
	android:name
		ADDED from LDStreetlightManagement\BaiduMapsApiDemo\AndroidManifest.xml:69:27-74
activity#baidumapsdk.demo.map.BaseMapDemo
ADDED from LDStreetlightManagement\BaiduMapsApiDemo\AndroidManifest.xml:72:9-77:20
	android:screenOrientation
		ADDED from LDStreetlightManagement\BaiduMapsApiDemo\AndroidManifest.xml:76:17-53
	android:label
		ADDED from LDStreetlightManagement\BaiduMapsApiDemo\AndroidManifest.xml:75:17-58
	android:configChanges
		ADDED from LDStreetlightManagement\BaiduMapsApiDemo\AndroidManifest.xml:74:17-78
	android:name
		ADDED from LDStreetlightManagement\BaiduMapsApiDemo\AndroidManifest.xml:73:17-48
activity#baidumapsdk.demo.map.MapFragmentDemo
ADDED from LDStreetlightManagement\BaiduMapsApiDemo\AndroidManifest.xml:78:9-83:20
	android:screenOrientation
		ADDED from LDStreetlightManagement\BaiduMapsApiDemo\AndroidManifest.xml:82:17-53
	android:label
		ADDED from LDStreetlightManagement\BaiduMapsApiDemo\AndroidManifest.xml:81:17-63
	android:configChanges
		ADDED from LDStreetlightManagement\BaiduMapsApiDemo\AndroidManifest.xml:80:17-78
	android:name
		ADDED from LDStreetlightManagement\BaiduMapsApiDemo\AndroidManifest.xml:79:17-52
activity#baidumapsdk.demo.map.MultiMapViewDemo
ADDED from LDStreetlightManagement\BaiduMapsApiDemo\AndroidManifest.xml:84:9-89:20
	android:screenOrientation
		ADDED from LDStreetlightManagement\BaiduMapsApiDemo\AndroidManifest.xml:88:17-53
	android:label
		ADDED from LDStreetlightManagement\BaiduMapsApiDemo\AndroidManifest.xml:87:17-59
	android:configChanges
		ADDED from LDStreetlightManagement\BaiduMapsApiDemo\AndroidManifest.xml:86:17-78
	android:name
		ADDED from LDStreetlightManagement\BaiduMapsApiDemo\AndroidManifest.xml:85:17-53
activity#baidumapsdk.demo.map.GeometryDemo
ADDED from LDStreetlightManagement\BaiduMapsApiDemo\AndroidManifest.xml:90:9-95:20
	android:screenOrientation
		ADDED from LDStreetlightManagement\BaiduMapsApiDemo\AndroidManifest.xml:94:17-53
	android:label
		ADDED from LDStreetlightManagement\BaiduMapsApiDemo\AndroidManifest.xml:93:17-59
	android:configChanges
		ADDED from LDStreetlightManagement\BaiduMapsApiDemo\AndroidManifest.xml:92:17-78
	android:name
		ADDED from LDStreetlightManagement\BaiduMapsApiDemo\AndroidManifest.xml:91:17-49
activity#baidumapsdk.demo.map.FavoriteDemo
ADDED from LDStreetlightManagement\BaiduMapsApiDemo\AndroidManifest.xml:96:9-101:20
	android:screenOrientation
		ADDED from LDStreetlightManagement\BaiduMapsApiDemo\AndroidManifest.xml:100:17-53
	android:label
		ADDED from LDStreetlightManagement\BaiduMapsApiDemo\AndroidManifest.xml:99:17-59
	android:configChanges
		ADDED from LDStreetlightManagement\BaiduMapsApiDemo\AndroidManifest.xml:98:17-78
	android:name
		ADDED from LDStreetlightManagement\BaiduMapsApiDemo\AndroidManifest.xml:97:17-49
activity#baidumapsdk.demo.map.LocationDemo
ADDED from LDStreetlightManagement\BaiduMapsApiDemo\AndroidManifest.xml:102:9-107:20
	android:screenOrientation
		ADDED from LDStreetlightManagement\BaiduMapsApiDemo\AndroidManifest.xml:106:17-53
	android:label
		ADDED from LDStreetlightManagement\BaiduMapsApiDemo\AndroidManifest.xml:105:17-59
	android:configChanges
		ADDED from LDStreetlightManagement\BaiduMapsApiDemo\AndroidManifest.xml:104:17-78
	android:name
		ADDED from LDStreetlightManagement\BaiduMapsApiDemo\AndroidManifest.xml:103:17-49
activity#baidumapsdk.demo.map.MapControlDemo
ADDED from LDStreetlightManagement\BaiduMapsApiDemo\AndroidManifest.xml:108:9-113:20
	android:screenOrientation
		ADDED from LDStreetlightManagement\BaiduMapsApiDemo\AndroidManifest.xml:112:17-53
	android:label
		ADDED from LDStreetlightManagement\BaiduMapsApiDemo\AndroidManifest.xml:111:17-58
	android:configChanges
		ADDED from LDStreetlightManagement\BaiduMapsApiDemo\AndroidManifest.xml:110:17-78
	android:name
		ADDED from LDStreetlightManagement\BaiduMapsApiDemo\AndroidManifest.xml:109:17-51
activity#baidumapsdk.demo.map.UISettingDemo
ADDED from LDStreetlightManagement\BaiduMapsApiDemo\AndroidManifest.xml:114:9-119:20
	android:screenOrientation
		ADDED from LDStreetlightManagement\BaiduMapsApiDemo\AndroidManifest.xml:118:17-53
	android:label
		ADDED from LDStreetlightManagement\BaiduMapsApiDemo\AndroidManifest.xml:117:17-53
	android:configChanges
		ADDED from LDStreetlightManagement\BaiduMapsApiDemo\AndroidManifest.xml:116:17-78
	android:name
		ADDED from LDStreetlightManagement\BaiduMapsApiDemo\AndroidManifest.xml:115:17-50
activity#baidumapsdk.demo.map.LayersDemo
ADDED from LDStreetlightManagement\BaiduMapsApiDemo\AndroidManifest.xml:120:9-125:20
	android:screenOrientation
		ADDED from LDStreetlightManagement\BaiduMapsApiDemo\AndroidManifest.xml:124:17-53
	android:label
		ADDED from LDStreetlightManagement\BaiduMapsApiDemo\AndroidManifest.xml:123:17-57
	android:configChanges
		ADDED from LDStreetlightManagement\BaiduMapsApiDemo\AndroidManifest.xml:122:17-78
	android:name
		ADDED from LDStreetlightManagement\BaiduMapsApiDemo\AndroidManifest.xml:121:17-47
activity#baidumapsdk.demo.map.OverlayDemo
ADDED from LDStreetlightManagement\BaiduMapsApiDemo\AndroidManifest.xml:126:9-131:20
	android:screenOrientation
		ADDED from LDStreetlightManagement\BaiduMapsApiDemo\AndroidManifest.xml:130:17-53
	android:label
		ADDED from LDStreetlightManagement\BaiduMapsApiDemo\AndroidManifest.xml:129:17-58
	android:configChanges
		ADDED from LDStreetlightManagement\BaiduMapsApiDemo\AndroidManifest.xml:128:17-78
	android:name
		ADDED from LDStreetlightManagement\BaiduMapsApiDemo\AndroidManifest.xml:127:17-48
activity#baidumapsdk.demo.map.MarkerAnimationDemo
ADDED from LDStreetlightManagement\BaiduMapsApiDemo\AndroidManifest.xml:132:9-137:20
	android:screenOrientation
		ADDED from LDStreetlightManagement\BaiduMapsApiDemo\AndroidManifest.xml:136:17-53
	android:label
		ADDED from LDStreetlightManagement\BaiduMapsApiDemo\AndroidManifest.xml:135:17-67
	android:configChanges
		ADDED from LDStreetlightManagement\BaiduMapsApiDemo\AndroidManifest.xml:134:17-78
	android:name
		ADDED from LDStreetlightManagement\BaiduMapsApiDemo\AndroidManifest.xml:133:17-56
activity#baidumapsdk.demo.map.OfflineDemo
ADDED from LDStreetlightManagement\BaiduMapsApiDemo\AndroidManifest.xml:138:9-143:20
	android:screenOrientation
		ADDED from LDStreetlightManagement\BaiduMapsApiDemo\AndroidManifest.xml:142:17-53
	android:label
		ADDED from LDStreetlightManagement\BaiduMapsApiDemo\AndroidManifest.xml:141:17-58
	android:configChanges
		ADDED from LDStreetlightManagement\BaiduMapsApiDemo\AndroidManifest.xml:140:17-78
	android:name
		ADDED from LDStreetlightManagement\BaiduMapsApiDemo\AndroidManifest.xml:139:17-48
activity#baidumapsdk.demo.search.PoiSearchDemo
ADDED from LDStreetlightManagement\BaiduMapsApiDemo\AndroidManifest.xml:144:9-149:20
	android:screenOrientation
		ADDED from LDStreetlightManagement\BaiduMapsApiDemo\AndroidManifest.xml:148:17-53
	android:label
		ADDED from LDStreetlightManagement\BaiduMapsApiDemo\AndroidManifest.xml:147:17-54
	android:configChanges
		ADDED from LDStreetlightManagement\BaiduMapsApiDemo\AndroidManifest.xml:146:17-78
	android:name
		ADDED from LDStreetlightManagement\BaiduMapsApiDemo\AndroidManifest.xml:145:17-53
activity#baidumapsdk.demo.search.RoutePlanDemo
ADDED from LDStreetlightManagement\BaiduMapsApiDemo\AndroidManifest.xml:150:9-155:20
	android:screenOrientation
		ADDED from LDStreetlightManagement\BaiduMapsApiDemo\AndroidManifest.xml:154:17-53
	android:label
		ADDED from LDStreetlightManagement\BaiduMapsApiDemo\AndroidManifest.xml:153:17-56
	android:configChanges
		ADDED from LDStreetlightManagement\BaiduMapsApiDemo\AndroidManifest.xml:152:17-78
	android:name
		ADDED from LDStreetlightManagement\BaiduMapsApiDemo\AndroidManifest.xml:151:17-53
activity#baidumapsdk.demo.search.GeoCoderDemo
ADDED from LDStreetlightManagement\BaiduMapsApiDemo\AndroidManifest.xml:156:9-161:20
	android:screenOrientation
		ADDED from LDStreetlightManagement\BaiduMapsApiDemo\AndroidManifest.xml:160:17-53
	android:label
		ADDED from LDStreetlightManagement\BaiduMapsApiDemo\AndroidManifest.xml:159:17-58
	android:configChanges
		ADDED from LDStreetlightManagement\BaiduMapsApiDemo\AndroidManifest.xml:158:17-78
	android:name
		ADDED from LDStreetlightManagement\BaiduMapsApiDemo\AndroidManifest.xml:157:17-52
activity#baidumapsdk.demo.search.BusLineSearchDemo
ADDED from LDStreetlightManagement\BaiduMapsApiDemo\AndroidManifest.xml:162:9-167:20
	android:screenOrientation
		ADDED from LDStreetlightManagement\BaiduMapsApiDemo\AndroidManifest.xml:166:17-53
	android:label
		ADDED from LDStreetlightManagement\BaiduMapsApiDemo\AndroidManifest.xml:165:17-54
	android:configChanges
		ADDED from LDStreetlightManagement\BaiduMapsApiDemo\AndroidManifest.xml:164:17-78
	android:name
		ADDED from LDStreetlightManagement\BaiduMapsApiDemo\AndroidManifest.xml:163:17-57
activity#baidumapsdk.demo.map.HeatMapDemo
ADDED from LDStreetlightManagement\BaiduMapsApiDemo\AndroidManifest.xml:168:9-173:20
	android:screenOrientation
		ADDED from LDStreetlightManagement\BaiduMapsApiDemo\AndroidManifest.xml:172:17-53
	android:label
		ADDED from LDStreetlightManagement\BaiduMapsApiDemo\AndroidManifest.xml:171:17-58
	android:configChanges
		ADDED from LDStreetlightManagement\BaiduMapsApiDemo\AndroidManifest.xml:170:17-78
	android:name
		ADDED from LDStreetlightManagement\BaiduMapsApiDemo\AndroidManifest.xml:169:17-48
activity#baidumapsdk.demo.search.ShareDemo
ADDED from LDStreetlightManagement\BaiduMapsApiDemo\AndroidManifest.xml:174:9-179:20
	android:screenOrientation
		ADDED from LDStreetlightManagement\BaiduMapsApiDemo\AndroidManifest.xml:178:17-53
	android:label
		ADDED from LDStreetlightManagement\BaiduMapsApiDemo\AndroidManifest.xml:177:17-56
	android:configChanges
		ADDED from LDStreetlightManagement\BaiduMapsApiDemo\AndroidManifest.xml:176:17-78
	android:name
		ADDED from LDStreetlightManagement\BaiduMapsApiDemo\AndroidManifest.xml:175:17-49
activity#baidumapsdk.demo.search.ShareDemoActivity
ADDED from LDStreetlightManagement\BaiduMapsApiDemo\AndroidManifest.xml:180:9-185:20
	android:screenOrientation
		ADDED from LDStreetlightManagement\BaiduMapsApiDemo\AndroidManifest.xml:184:17-53
	android:label
		ADDED from LDStreetlightManagement\BaiduMapsApiDemo\AndroidManifest.xml:183:17-56
	android:configChanges
		ADDED from LDStreetlightManagement\BaiduMapsApiDemo\AndroidManifest.xml:182:17-78
	android:name
		ADDED from LDStreetlightManagement\BaiduMapsApiDemo\AndroidManifest.xml:181:17-57
activity#baidumapsdk.demo.util.OpenBaiduMap
ADDED from LDStreetlightManagement\BaiduMapsApiDemo\AndroidManifest.xml:186:9-191:20
	android:screenOrientation
		ADDED from LDStreetlightManagement\BaiduMapsApiDemo\AndroidManifest.xml:190:17-53
	android:label
		ADDED from LDStreetlightManagement\BaiduMapsApiDemo\AndroidManifest.xml:189:17-64
	android:configChanges
		ADDED from LDStreetlightManagement\BaiduMapsApiDemo\AndroidManifest.xml:188:17-78
	android:name
		ADDED from LDStreetlightManagement\BaiduMapsApiDemo\AndroidManifest.xml:187:17-50
activity#baidumapsdk.demo.cloud.CloudSearchActivity
ADDED from LDStreetlightManagement\BaiduMapsApiDemo\AndroidManifest.xml:192:9-197:20
	android:screenOrientation
		ADDED from LDStreetlightManagement\BaiduMapsApiDemo\AndroidManifest.xml:196:17-53
	android:label
		ADDED from LDStreetlightManagement\BaiduMapsApiDemo\AndroidManifest.xml:195:17-56
	android:configChanges
		ADDED from LDStreetlightManagement\BaiduMapsApiDemo\AndroidManifest.xml:194:17-78
	android:name
		ADDED from LDStreetlightManagement\BaiduMapsApiDemo\AndroidManifest.xml:193:17-58
activity#baidumapsdk.demo.cloud.CloudSearchDemo
ADDED from LDStreetlightManagement\BaiduMapsApiDemo\AndroidManifest.xml:198:9-203:20
	android:screenOrientation
		ADDED from LDStreetlightManagement\BaiduMapsApiDemo\AndroidManifest.xml:202:17-53
	android:label
		ADDED from LDStreetlightManagement\BaiduMapsApiDemo\AndroidManifest.xml:201:17-73
	android:configChanges
		ADDED from LDStreetlightManagement\BaiduMapsApiDemo\AndroidManifest.xml:200:17-78
	android:name
		ADDED from LDStreetlightManagement\BaiduMapsApiDemo\AndroidManifest.xml:199:17-54
activity#baidumapsdk.demo.map.OpenglDemo
ADDED from LDStreetlightManagement\BaiduMapsApiDemo\AndroidManifest.xml:204:9-209:20
	android:screenOrientation
		ADDED from LDStreetlightManagement\BaiduMapsApiDemo\AndroidManifest.xml:208:17-53
	android:label
		ADDED from LDStreetlightManagement\BaiduMapsApiDemo\AndroidManifest.xml:207:17-57
	android:configChanges
		ADDED from LDStreetlightManagement\BaiduMapsApiDemo\AndroidManifest.xml:206:17-78
	android:name
		ADDED from LDStreetlightManagement\BaiduMapsApiDemo\AndroidManifest.xml:205:17-47
activity#baidumapsdk.demo.map.TextureMapViewDemo
ADDED from LDStreetlightManagement\BaiduMapsApiDemo\AndroidManifest.xml:210:9-215:20
	android:screenOrientation
		ADDED from LDStreetlightManagement\BaiduMapsApiDemo\AndroidManifest.xml:212:17-53
	android:label
		ADDED from LDStreetlightManagement\BaiduMapsApiDemo\AndroidManifest.xml:214:17-65
	android:configChanges
		ADDED from LDStreetlightManagement\BaiduMapsApiDemo\AndroidManifest.xml:213:17-78
	android:name
		ADDED from LDStreetlightManagement\BaiduMapsApiDemo\AndroidManifest.xml:211:17-55
activity#baidumapsdk.demo.map.TileOverlayDemo
ADDED from LDStreetlightManagement\BaiduMapsApiDemo\AndroidManifest.xml:216:9-221:20
	android:screenOrientation
		ADDED from LDStreetlightManagement\BaiduMapsApiDemo\AndroidManifest.xml:220:17-53
	android:label
		ADDED from LDStreetlightManagement\BaiduMapsApiDemo\AndroidManifest.xml:219:17-62
	android:configChanges
		ADDED from LDStreetlightManagement\BaiduMapsApiDemo\AndroidManifest.xml:218:17-78
	android:name
		ADDED from LDStreetlightManagement\BaiduMapsApiDemo\AndroidManifest.xml:217:17-52
service#com.baidu.location.f
ADDED from LDStreetlightManagement\BaiduMapsApiDemo\AndroidManifest.xml:223:9-227:19
	android:enabled
		ADDED from LDStreetlightManagement\BaiduMapsApiDemo\AndroidManifest.xml:225:17-39
	android:process
		ADDED from LDStreetlightManagement\BaiduMapsApiDemo\AndroidManifest.xml:226:17-42
	android:name
		ADDED from LDStreetlightManagement\BaiduMapsApiDemo\AndroidManifest.xml:224:17-52
activity#baidumapsdk.demo.map.MarkerClusterDemo
ADDED from LDStreetlightManagement\BaiduMapsApiDemo\AndroidManifest.xml:229:9-234:20
	android:screenOrientation
		ADDED from LDStreetlightManagement\BaiduMapsApiDemo\AndroidManifest.xml:233:17-53
	android:label
		ADDED from LDStreetlightManagement\BaiduMapsApiDemo\AndroidManifest.xml:232:17-75
	android:configChanges
		ADDED from LDStreetlightManagement\BaiduMapsApiDemo\AndroidManifest.xml:231:17-78
	android:name
		ADDED from LDStreetlightManagement\BaiduMapsApiDemo\AndroidManifest.xml:230:17-54
activity#baidumapsdk.demo.search.DistrictSearchDemo
ADDED from LDStreetlightManagement\BaiduMapsApiDemo\AndroidManifest.xml:236:9-241:20
	android:screenOrientation
		ADDED from LDStreetlightManagement\BaiduMapsApiDemo\AndroidManifest.xml:240:17-53
	android:label
		ADDED from LDStreetlightManagement\BaiduMapsApiDemo\AndroidManifest.xml:239:17-64
	android:configChanges
		ADDED from LDStreetlightManagement\BaiduMapsApiDemo\AndroidManifest.xml:238:17-78
	android:name
		ADDED from LDStreetlightManagement\BaiduMapsApiDemo\AndroidManifest.xml:237:17-58
activity#baidumapsdk.demo.map.IndoorMapDemo
ADDED from LDStreetlightManagement\BaiduMapsApiDemo\AndroidManifest.xml:242:9-247:20
	android:screenOrientation
		ADDED from LDStreetlightManagement\BaiduMapsApiDemo\AndroidManifest.xml:245:17-53
	android:label
		ADDED from LDStreetlightManagement\BaiduMapsApiDemo\AndroidManifest.xml:246:17-57
	android:configChanges
		ADDED from LDStreetlightManagement\BaiduMapsApiDemo\AndroidManifest.xml:244:17-78
	android:name
		ADDED from LDStreetlightManagement\BaiduMapsApiDemo\AndroidManifest.xml:243:17-50
activity#baidumapsdk.demo.search.IndoorSearchDemo
ADDED from LDStreetlightManagement\BaiduMapsApiDemo\AndroidManifest.xml:248:9-253:20
	android:screenOrientation
		ADDED from LDStreetlightManagement\BaiduMapsApiDemo\AndroidManifest.xml:251:17-53
	android:label
		ADDED from LDStreetlightManagement\BaiduMapsApiDemo\AndroidManifest.xml:252:13-59
	android:configChanges
		ADDED from LDStreetlightManagement\BaiduMapsApiDemo\AndroidManifest.xml:250:17-78
	android:name
		ADDED from LDStreetlightManagement\BaiduMapsApiDemo\AndroidManifest.xml:249:17-56
activity#baidumapsdk.demo.map.TrackShowDemo
ADDED from LDStreetlightManagement\BaiduMapsApiDemo\AndroidManifest.xml:255:9-260:20
	android:screenOrientation
		ADDED from LDStreetlightManagement\BaiduMapsApiDemo\AndroidManifest.xml:258:17-53
	android:label
		ADDED from LDStreetlightManagement\BaiduMapsApiDemo\AndroidManifest.xml:259:17-56
	android:configChanges
		ADDED from LDStreetlightManagement\BaiduMapsApiDemo\AndroidManifest.xml:257:17-78
	android:name
		ADDED from LDStreetlightManagement\BaiduMapsApiDemo\AndroidManifest.xml:256:17-50
uses-sdk
INJECTED from LDStreetlightManagement\BaiduMapsApiDemo\AndroidManifest.xml reason: use-sdk injection requested
MERGED from [com.android.support:appcompat-v7:26.0.0-alpha1] AndroidManifest.xml:21:5-23:78
MERGED from [com.android.support:support-v4:26.0.0-alpha1] AndroidManifest.xml:21:5-23:54
MERGED from [com.android.support:support-media-compat:26.0.0-alpha1] AndroidManifest.xml:21:5-23:63
MERGED from [com.android.support:support-fragment:26.0.0-alpha1] AndroidManifest.xml:21:5-23:60
MERGED from [com.android.support:support-core-ui:26.0.0-alpha1] AndroidManifest.xml:21:5-23:58
MERGED from [com.android.support:support-core-utils:26.0.0-alpha1] AndroidManifest.xml:21:5-23:61
MERGED from [com.android.support:animated-vector-drawable:26.0.0-alpha1] AndroidManifest.xml:20:5-44
MERGED from [com.android.support:support-vector-drawable:26.0.0-alpha1] AndroidManifest.xml:20:5-44
MERGED from [com.android.support:support-compat:26.0.0-alpha1] AndroidManifest.xml:21:5-23:58
MERGED from [com.android.support.constraint:constraint-layout:1.0.2] AndroidManifest.xml:5:5-7:41
	tools:overrideLibrary
		ADDED from [com.android.support:appcompat-v7:26.0.0-alpha1] AndroidManifest.xml:23:9-75
	android:targetSdkVersion
		INJECTED from LDStreetlightManagement\BaiduMapsApiDemo\AndroidManifest.xml
		INJECTED from LDStreetlightManagement\BaiduMapsApiDemo\AndroidManifest.xml
	android:minSdkVersion
		INJECTED from LDStreetlightManagement\BaiduMapsApiDemo\AndroidManifest.xml
		INJECTED from LDStreetlightManagement\BaiduMapsApiDemo\AndroidManifest.xml
meta-data#android.support.VERSION
ADDED from [com.android.support:appcompat-v7:26.0.0-alpha1] AndroidManifest.xml:25:5-27:41
MERGED from [com.android.support:support-v4:26.0.0-alpha1] AndroidManifest.xml:25:5-27:41
MERGED from [com.android.support:support-media-compat:26.0.0-alpha1] AndroidManifest.xml:25:5-27:41
MERGED from [com.android.support:support-fragment:26.0.0-alpha1] AndroidManifest.xml:25:5-27:41
MERGED from [com.android.support:support-core-ui:26.0.0-alpha1] AndroidManifest.xml:25:5-27:41
MERGED from [com.android.support:support-core-utils:26.0.0-alpha1] AndroidManifest.xml:25:5-27:41
MERGED from [com.android.support:animated-vector-drawable:26.0.0-alpha1] AndroidManifest.xml:22:5-24:41
MERGED from [com.android.support:support-vector-drawable:26.0.0-alpha1] AndroidManifest.xml:22:5-24:41
MERGED from [com.android.support:support-compat:26.0.0-alpha1] AndroidManifest.xml:25:5-27:41
	android:value
		ADDED from [com.android.support:appcompat-v7:26.0.0-alpha1] AndroidManifest.xml:27:9-38
	android:name
		ADDED from [com.android.support:appcompat-v7:26.0.0-alpha1] AndroidManifest.xml:26:9-47